#
# There is insufficient memory for the Java Runtime Environment to continue.
# Native memory allocation (mmap) failed to map 130023424 bytes for G1 virtual space
# Possible reasons:
#   The system is out of physical RAM or swap space
#   The process is running with CompressedOops enabled, and the Java Heap may be blocking the growth of the native heap
# Possible solutions:
#   Reduce memory load on the system
#   Increase physical memory or swap space
#   Check if swap backing store is full
#   Decrease Java heap size (-Xmx/-Xms)
#   Decrease number of Java threads
#   Decrease Java thread stack sizes (-Xss)
#   Set larger code cache with -XX:ReservedCodeCacheSize=
#   JVM is running with Unscaled Compressed Oops mode in which the Java heap is
#     placed in the first 4GB address space. The Java Heap base address is the
#     maximum limit for the native heap growth. Please use -XX:HeapBaseMinAddress
#     to set the Java Heap base and to place the Java Heap above 4GB virtual address.
# This output file may be truncated or incomplete.
#
#  Out of Memory Error (os_windows.cpp:3550), pid=29172, tid=25988
#
# JRE version:  (17.0.7+8) (build )
# Java VM: Java HotSpot(TM) 64-Bit Server VM (17.0.7+8-LTS-224, mixed mode, sharing, tiered, compressed oops, compressed class ptrs, g1 gc, windows-amd64)
# No core dump will be written. Minidumps are not enabled by default on client versions of Windows
#

---------------  S U M M A R Y ------------

Command Line: -Dnet.bytebuddy.agent.attacher.dump= net.bytebuddy.agent.Attacher com.sun.tools.attach.VirtualMachine 14188 C:\Users\nandk\.m2\repository\net\bytebuddy\byte-buddy-agent\1.14.11\byte-buddy-agent-1.14.11.jar false 

Host: 11th Gen Intel(R) Core(TM) i3-1115G4 @ 3.00GHz, 4 cores, 7G,  Windows 11 , 64 bit Build 22621 (10.0.22621.3085)
Time: Tue Feb  6 11:45:32 2024 Eastern Standard Time elapsed time: 0.020095 seconds (0d 0h 0m 0s)

---------------  T H R E A D  ---------------

Current thread (0x000002141ef0feb0):  JavaThread "Unknown thread" [_thread_in_vm, id=25988, stack(0x0000001967a00000,0x0000001967b00000)]

Stack: [0x0000001967a00000,0x0000001967b00000]
Native frames: (J=compiled Java code, j=interpreted, Vv=VM code, C=native code)
V  [jvm.dll+0x676a4a]
V  [jvm.dll+0x7d74f4]
V  [jvm.dll+0x7d8c9e]
V  [jvm.dll+0x7d9303]
V  [jvm.dll+0x2452c5]
V  [jvm.dll+0x6738f9]
V  [jvm.dll+0x668232]
V  [jvm.dll+0x302826]
V  [jvm.dll+0x309da6]
V  [jvm.dll+0x35952e]
V  [jvm.dll+0x35975f]
V  [jvm.dll+0x2d9a38]
V  [jvm.dll+0x2da9a4]
V  [jvm.dll+0x7a8fb1]
V  [jvm.dll+0x3670e1]
V  [jvm.dll+0x788359]
V  [jvm.dll+0x3ea5ef]
V  [jvm.dll+0x3ec071]
C  [jli.dll+0x5297]
C  [ucrtbase.dll+0x29363]
C  [KERNEL32.DLL+0x1257d]
C  [ntdll.dll+0x5aa58]


---------------  P R O C E S S  ---------------

Threads class SMR info:
_java_thread_list=0x00007ffd07374998, length=0, elements={
}

Java Threads: ( => current thread )

Other Threads:
  0x000002141ef67990 GCTaskThread "GC Thread#0" [stack: 0x0000001967b00000,0x0000001967c00000] [id=14464]
  0x000002141ef78090 ConcurrentGCThread "G1 Main Marker" [stack: 0x0000001967c00000,0x0000001967d00000] [id=3668]
  0x000002141ef78aa0 ConcurrentGCThread "G1 Conc#0" [stack: 0x0000001967d00000,0x0000001967e00000] [id=26452]

[error occurred during error reporting (printing all threads), id 0xc0000005, EXCEPTION_ACCESS_VIOLATION (0xc0000005) at pc=0x00007ffd06baa697]

VM state: not at safepoint (not fully initialized)

VM Mutex/Monitor currently owned by a thread:  ([mutex/lock_event])
[0x000002141ef0d380] Heap_lock - owner thread: 0x000002141ef0feb0

Heap address: 0x0000000084200000, size: 1982 MB, Compressed Oops mode: 32-bit

CDS archive(s) mapped at: [0x0000000000000000-0x0000000000000000-0x0000000000000000), size 0, SharedBaseAddress: 0x0000000800000000, ArchiveRelocationMode: 0.
Narrow klass base: 0x0000000000000000, Narrow klass shift: 0, Narrow klass range: 0x0

GC Precious Log:
<Empty>

Heap:
 garbage-first heap   total 0K, used 0K [0x0000000084200000, 0x0000000100000000)
  region size 1024K, 0 young (0K), 0 survivors (0K)

[error occurred during error reporting (printing heap information), id 0xc0000005, EXCEPTION_ACCESS_VIOLATION (0xc0000005) at pc=0x00007ffd06f900b9]

GC Heap History (0 events):
No events

Deoptimization events (0 events):
No events

Classes unloaded (0 events):
No events

Classes redefined (0 events):
No events

Internal exceptions (0 events):
No events

VM Operations (0 events):
No events

Events (1 events):
Event: 0.013 Loaded shared library C:\Program Files\Java\jdk-17\bin\java.dll


Dynamic libraries:
0x00007ff61d2e0000 - 0x00007ff61d2f0000 	C:\Program Files\Java\jdk-17\bin\java.exe
0x00007ffd95970000 - 0x00007ffd95b87000 	C:\Windows\SYSTEM32\ntdll.dll
0x00007ffd93ff0000 - 0x00007ffd940b4000 	C:\Windows\System32\KERNEL32.DLL
0x00007ffd92ec0000 - 0x00007ffd93266000 	C:\Windows\System32\KERNELBASE.dll
0x00007ffd93520000 - 0x00007ffd93631000 	C:\Windows\System32\ucrtbase.dll
0x00007ffd84b50000 - 0x00007ffd84b6b000 	C:\Program Files\Java\jdk-17\bin\VCRUNTIME140.dll
0x00007ffd87bf0000 - 0x00007ffd87c09000 	C:\Program Files\Java\jdk-17\bin\jli.dll
0x00007ffd94f60000 - 0x00007ffd95013000 	C:\Windows\System32\ADVAPI32.dll
0x00007ffd95030000 - 0x00007ffd950d7000 	C:\Windows\System32\msvcrt.dll
0x00007ffd94eb0000 - 0x00007ffd94f58000 	C:\Windows\System32\sechost.dll
0x00007ffd934f0000 - 0x00007ffd93518000 	C:\Windows\System32\bcrypt.dll
0x00007ffd939d0000 - 0x00007ffd93ae7000 	C:\Windows\System32\RPCRT4.dll
0x00007ffd93720000 - 0x00007ffd938ce000 	C:\Windows\System32\USER32.dll
0x00007ffd92cb0000 - 0x00007ffd92cd6000 	C:\Windows\System32\win32u.dll
0x00007ffd93980000 - 0x00007ffd939a9000 	C:\Windows\System32\GDI32.dll
0x00007ffd93270000 - 0x00007ffd93388000 	C:\Windows\System32\gdi32full.dll
0x00007ffd93390000 - 0x00007ffd9342a000 	C:\Windows\System32\msvcp_win.dll
0x00007ffd78160000 - 0x00007ffd783f3000 	C:\Windows\WinSxS\amd64_microsoft.windows.common-controls_6595b64144ccf1df_6.0.22621.2506_none_270c5ae97388e100\COMCTL32.dll
0x00007ffd8ab90000 - 0x00007ffd8ab9a000 	C:\Windows\SYSTEM32\VERSION.dll
0x00007ffd93940000 - 0x00007ffd93971000 	C:\Windows\System32\IMM32.DLL
0x00007ffd85960000 - 0x00007ffd8596c000 	C:\Program Files\Java\jdk-17\bin\vcruntime140_1.dll
0x00007ffd6c1d0000 - 0x00007ffd6c25e000 	C:\Program Files\Java\jdk-17\bin\msvcp140.dll
0x00007ffd068c0000 - 0x00007ffd0749d000 	C:\Program Files\Java\jdk-17\bin\server\jvm.dll
0x00007ffd93bf0000 - 0x00007ffd93bf8000 	C:\Windows\System32\PSAPI.DLL
0x00007ffd73690000 - 0x00007ffd73699000 	C:\Windows\SYSTEM32\WSOCK32.dll
0x00007ffd93de0000 - 0x00007ffd93e51000 	C:\Windows\System32\WS2_32.dll
0x00007ffd8b150000 - 0x00007ffd8b184000 	C:\Windows\SYSTEM32\WINMM.dll
0x00007ffd91cc0000 - 0x00007ffd91cd8000 	C:\Windows\SYSTEM32\kernel.appcore.dll
0x00007ffd862e0000 - 0x00007ffd862ea000 	C:\Program Files\Java\jdk-17\bin\jimage.dll
0x00007ffd904d0000 - 0x00007ffd90703000 	C:\Windows\SYSTEM32\DBGHELP.DLL
0x00007ffd952c0000 - 0x00007ffd95649000 	C:\Windows\System32\combase.dll
0x00007ffd93f10000 - 0x00007ffd93fe7000 	C:\Windows\System32\OLEAUT32.dll
0x00007ffd77250000 - 0x00007ffd77282000 	C:\Windows\SYSTEM32\dbgcore.DLL
0x00007ffd93640000 - 0x00007ffd936ba000 	C:\Windows\System32\bcryptPrimitives.dll
0x00007ffd858d0000 - 0x00007ffd858f5000 	C:\Program Files\Java\jdk-17\bin\java.dll

dbghelp: loaded successfully - version: 4.0.5 - missing functions: none
symbol engine: initialized successfully - sym options: 0x614 - pdb path: .;C:\Program Files\Java\jdk-17\bin;C:\Windows\SYSTEM32;C:\Windows\WinSxS\amd64_microsoft.windows.common-controls_6595b64144ccf1df_6.0.22621.2506_none_270c5ae97388e100;C:\Program Files\Java\jdk-17\bin\server

VM Arguments:
jvm_args: -Dnet.bytebuddy.agent.attacher.dump= 
java_command: net.bytebuddy.agent.Attacher com.sun.tools.attach.VirtualMachine 14188 C:\Users\nandk\.m2\repository\net\bytebuddy\byte-buddy-agent\1.14.11\byte-buddy-agent-1.14.11.jar false 
java_class_path (initial): C:\Users\nandk\.m2\repository\net\bytebuddy\byte-buddy-agent\1.14.11\byte-buddy-agent-1.14.11.jar
Launcher Type: SUN_STANDARD

[Global flags]
     intx CICompilerCount                          = 3                                         {product} {ergonomic}
     uint ConcGCThreads                            = 1                                         {product} {ergonomic}
     uint G1ConcRefinementThreads                  = 4                                         {product} {ergonomic}
   size_t G1HeapRegionSize                         = 1048576                                   {product} {ergonomic}
    uintx GCDrainStackTargetSize                   = 64                                        {product} {ergonomic}
   size_t InitialHeapSize                          = 130023424                                 {product} {ergonomic}
   size_t MarkStackSize                            = 4194304                                   {product} {ergonomic}
   size_t MaxHeapSize                              = 2078277632                                {product} {ergonomic}
   size_t MinHeapDeltaBytes                        = 1048576                                   {product} {ergonomic}
   size_t MinHeapSize                              = 8388608                                   {product} {ergonomic}
    uintx NonNMethodCodeHeapSize                   = 5832780                                {pd product} {ergonomic}
    uintx NonProfiledCodeHeapSize                  = 122912730                              {pd product} {ergonomic}
    uintx ProfiledCodeHeapSize                     = 122912730                              {pd product} {ergonomic}
    uintx ReservedCodeCacheSize                    = 251658240                              {pd product} {ergonomic}
     bool SegmentedCodeCache                       = true                                      {product} {ergonomic}
   size_t SoftMaxHeapSize                          = 2078277632                             {manageable} {ergonomic}
     bool UseCompressedClassPointers               = true                           {product lp64_product} {ergonomic}
     bool UseCompressedOops                        = true                           {product lp64_product} {ergonomic}
     bool UseG1GC                                  = true                                      {product} {ergonomic}
     bool UseLargePagesIndividualAllocation        = false                                  {pd product} {ergonomic}

Logging:
Log output configuration:
 #0: stdout all=warning uptime,level,tags
 #1: stderr all=off uptime,level,tags

Environment Variables:
JAVA_HOME=C:\Program Files\Java\jdk-17
PATH=C:/Program Files/Java/jdk-17/bin/server;C:/Program Files/Java/jdk-17/bin;C:\Program Files\Java\jdk-17\bin;C:\Program Files\Common Files\Oracle\Java\javapath;C:\app\nandk\product\21c\dbhomeXE\bin;C:\Program Files (x86)\Common Files\Oracle\Java\javapath;C:\Windows\system32;C:\Windows;C:\Windows\System32\Wbem;C:\Windows\System32\WindowsPowerShell\v1.0\;C:\Windows\System32\OpenSSH\;C:\Program Files\dotnet\;C:\Program Files\MySQL\MySQL Server 8.0\bin;C:\Program Files\nodejs\;C:\Program Files\MySQL\MySQL Shell 8.0\bin\;C:\Users\nandk\AppData\Local\Microsoft\WindowsApps;C:\Users\nandk\AppData\Roaming\npm;C:\Users\nandk\eclipse\jee-2023-03\eclipse;
USERNAME=nandk
OS=Windows_NT
PROCESSOR_IDENTIFIER=Intel64 Family 6 Model 140 Stepping 1, GenuineIntel



---------------  S Y S T E M  ---------------

OS:
 Windows 11 , 64 bit Build 22621 (10.0.22621.3085)
OS uptime: 3 days 23:59 hours
Hyper-V role detected

CPU: total 4 (initial active 4) (2 cores per cpu, 2 threads per core) family 6 model 140 stepping 1 microcode 0xb4, cx8, cmov, fxsr, ht, mmx, 3dnowpref, sse, sse2, sse3, ssse3, sse4.1, sse4.2, popcnt, lzcnt, tsc, tscinvbit, avx, avx2, aes, erms, clmul, bmi1, bmi2, adx, avx512f, avx512dq, avx512cd, avx512bw, avx512vl, sha, fma, vzeroupper, avx512_vpopcntdq, avx512_vpclmulqdq, avx512_vaes, avx512_vnni, clflush, clflushopt, clwb, avx512_vbmi2, avx512_vbmi, hv

Memory: 4k page, system-wide physical 7926M (387M free)
TotalPageFile size 15602M (AvailPageFile size 17M)
current process WorkingSet (physical memory assigned to process): 11M, peak: 11M
current process commit charge ("private bytes"): 51M, peak: 175M

vm_info: Java HotSpot(TM) 64-Bit Server VM (17.0.7+8-LTS-224) for windows-amd64 JRE (17.0.7+8-LTS-224), built on Feb 28 2023 23:03:02 by "mach5one" with MS VC++ 17.1 (VS2022)

END.
